<?xml version="1.0" encoding="UTF-8"?>
<!-- Generated by org.testng.reporters.JUnitReportReporter -->
<testsuite skipped="0" hostname="DESKTOP-3SQ122E" name="com.calibit.testcases.LoginTestCallibit" tests="1" failures="0" timestamp="2020-09-05T18:31:44 IST" time="4.129" errors="0">
  <testcase name="login_CaliBitApp" time="4.129" classname="com.calibit.testcases.LoginTestCallibit"/>
</testsuite> <!-- com.calibit.testcases.LoginTestCallibit -->
