<?xml version="1.0" encoding="UTF-8"?>
<!-- Generated by org.testng.reporters.JUnitReportReporter -->
<testsuite skipped="0" hostname="DESKTOP-3SQ122E" name="cali1.calibit.BaseClass" tests="1" failures="0" timestamp="08 Jul 2020 11:55:27 GMT" time="11.712" errors="0">
  <testcase name="invokeDriver" time="11.712" classname="cali1.calibit.BaseClass"/>
</testsuite> <!-- cali1.calibit.BaseClass -->
