<?xml version="1.0" encoding="UTF-8"?>
<!-- Generated by org.testng.reporters.JUnitReportReporter -->
<testsuite skipped="0" hostname="DESKTOP-3SQ122E" name="cali1.calibit.LoginTestCallibit" tests="1" failures="0" timestamp="07 Aug 2020 10:28:02 GMT" time="0.664" errors="0">
  <testcase name="login" time="0.664" classname="cali1.calibit.LoginTestCallibit"/>
</testsuite> <!-- cali1.calibit.LoginTestCallibit -->
